  NoiseSim.cpp
c:\users\vikto\github\sfml_examples\sfml_examples\noisesim.cpp(35): warning C4244: 'argument': conversion from 'time_t' to 'unsigned int', possible loss of data
c:\users\vikto\github\sfml_examples\sfml_examples\noisesim.cpp(45): warning C4244: 'argument': conversion from 'float' to 'unsigned int', possible loss of data
c:\users\vikto\github\sfml_examples\sfml_examples\noisesim.cpp(58): warning C4244: 'argument': conversion from 'time_t' to 'int', possible loss of data
c:\users\vikto\github\sfml_examples\sfml_examples\noisesim.cpp(66): warning C4305: 'argument': truncation from 'int' to 'T'
          with
          [
              T=float
          ]
c:\users\vikto\github\sfml_examples\sfml_examples\noisesim.cpp(76): warning C4305: 'argument': truncation from 'double' to 'T'
          with
          [
              T=float
          ]
c:\users\vikto\github\sfml_examples\sfml_examples\noisesim.cpp(100): warning C4244: '-=': conversion from 'double' to 'T', possible loss of data
          with
          [
              T=float
          ]
c:\users\vikto\github\sfml_examples\sfml_examples\noisesim.cpp(104): warning C4244: '+=': conversion from 'double' to 'T', possible loss of data
          with
          [
              T=float
          ]
c:\users\vikto\github\sfml_examples\sfml_examples\noisesim.cpp(108): warning C4244: '-=': conversion from 'double' to 'T', possible loss of data
          with
          [
              T=float
          ]
c:\users\vikto\github\sfml_examples\sfml_examples\noisesim.cpp(112): warning C4244: '+=': conversion from 'double' to 'T', possible loss of data
          with
          [
              T=float
          ]
c:\users\vikto\github\sfml_examples\sfml_examples\slider.hpp(33): warning C4244: '=': conversion from 'T' to 'float', possible loss of data
          with
          [
              T=int
          ]
  c:\users\vikto\github\sfml_examples\sfml_examples\slider.hpp(22): note: while compiling class template member function 'Slider<int>::Slider(sf::Vector2f,T *,sf::Vector2f,T,sf::Font *,std::string)'
          with
          [
              T=int
          ]
  c:\users\vikto\github\sfml_examples\sfml_examples\noisesim.cpp(66): note: see reference to function template instantiation 'Slider<int>::Slider(sf::Vector2f,T *,sf::Vector2f,T,sf::Font *,std::string)' being compiled
          with
          [
              T=int
          ]
  c:\users\vikto\github\sfml_examples\sfml_examples\noisesim.cpp(66): note: see reference to class template instantiation 'Slider<int>' being compiled
c:\users\vikto\github\sfml_examples\sfml_examples\slider.hpp(41): warning C4244: 'argument': conversion from 'T' to 'float', possible loss of data
          with
          [
              T=int
          ]
c:\users\vikto\github\sfml_examples\sfml_examples\slider.hpp(105): warning C4244: '=': conversion from 'float' to 'T', possible loss of data
          with
          [
              T=int
          ]
  c:\users\vikto\github\sfml_examples\sfml_examples\noisesim.cpp(131): note: see reference to function template instantiation 'void Slider<int>::update<int>(simMouse)' being compiled
  c:\users\vikto\github\sfml_examples\sfml_examples\noisesim.cpp(131): note: see reference to function template instantiation 'void Slider<int>::update<int>(simMouse)' being compiled
c:\users\vikto\github\sfml_examples\sfml_examples\slider.hpp(107): warning C4244: 'argument': conversion from 'T' to 'float', possible loss of data
          with
          [
              T=int
          ]
  Generating code
  1 of 698 functions ( 0.1%) were compiled, the rest were copied from previous compilation.
    0 functions were new in current compilation
    0 functions had inline decision re-evaluated but remain unchanged
  Finished generating code
  SFML_Examples.vcxproj -> C:\Users\vikto\GitHub\SFML_Examples\Release\SFML_Examples.exe
